{"C:\\dev\\test1\\index.js":{"path":"C:\\dev\\test1\\index.js","s":{"1":1,"2":1,"3":1,"4":1,"5":1,"6":0,"7":0,"8":1,"9":1,"10":1,"11":1,"12":1,"13":1},"b":{},"f":{"1":1,"2":1,"3":0,"4":1},"fnMap":{"1":{"name":"main","line":4,"loc":{"start":{"line":4,"column":0},"end":{"line":5,"column":0}}},"2":{"name":"main2","line":8,"loc":{"start":{"line":8,"column":0},"end":{"line":9,"column":0}}},"3":{"name":"main3","line":13,"loc":{"start":{"line":13,"column":0},"end":{"line":14,"column":0}}},"4":{"name":"error","line":19,"loc":{"start":{"line":19,"column":0},"end":{"line":20,"column":0}}}},"statementMap":{"1":{"start":{"line":4,"column":0},"end":{"line":7,"column":1}},"2":{"start":{"line":6,"column":1},"end":{"line":6,"column":33}},"3":{"start":{"line":8,"column":0},"end":{"line":11,"column":1}},"4":{"start":{"line":10,"column":1},"end":{"line":10,"column":34}},"5":{"start":{"line":13,"column":0},"end":{"line":17,"column":1}},"6":{"start":{"line":15,"column":1},"end":{"line":15,"column":12}},"7":{"start":{"line":16,"column":1},"end":{"line":16,"column":15}},"8":{"start":{"line":19,"column":0},"end":{"line":23,"column":1}},"9":{"start":{"line":21,"column":1},"end":{"line":21,"column":12}},"10":{"start":{"line":22,"column":1},"end":{"line":22,"column":15}},"11":{"start":{"line":28,"column":0},"end":{"line":28,"column":7}},"12":{"start":{"line":29,"column":0},"end":{"line":29,"column":8}},"13":{"start":{"line":31,"column":0},"end":{"line":31,"column":16}}},"branchMap":{}}}